<?xml version="1.0" encoding="UTF-8"?>
<!-- Generated by org.testng.reporters.JUnitReportReporter -->
<testsuite hostname="MrSiNgH" failures="0" tests="2" name="stepDefinitions.Runner" time="19.186" errors="0" timestamp="2025-05-29T00:36:54 IST" skipped="0">
  <testcase classname="stepDefinitions.Runner" name="runScenario" time="8.799"/>
  <testcase classname="stepDefinitions.Runner" name="runScenario" time="10.387"/>
</testsuite> <!-- stepDefinitions.Runner -->
